<?xml version="1.0" encoding="UTF-8"?>
<testng-results ignored="0" total="1" passed="1" failed="0" skipped="0">
  <reporter-output>
  </reporter-output>
  <suite started-at="2022-12-08T23:21:21 EST" name="Default suite" finished-at="2022-12-08T23:21:40 EST" duration-ms="19385">
    <groups>
    </groups>
    <test started-at="2022-12-08T23:21:21 EST" name="Default test" finished-at="2022-12-08T23:21:40 EST" duration-ms="19385">
      <class name="com.teastleaf.testcase_para.Runner_para">
        <test-method signature="verifyValidLoginPage()[pri:0, instance:com.teastleaf.testcase_para.Runner_para@2525ff7e]" started-at="2022-12-08T23:21:21 EST" name="verifyValidLoginPage" finished-at="2022-12-08T23:21:40 EST" duration-ms="19353" status="PASS">
          <reporter-output>
          </reporter-output>
        </test-method> <!-- verifyValidLoginPage -->
      </class> <!-- com.teastleaf.testcase_para.Runner_para -->
    </test> <!-- Default test -->
  </suite> <!-- Default suite -->
</testng-results>
