<?xml version="1.0" encoding="UTF-8"?>
<!-- Generated by org.testng.reporters.JUnitReportReporter -->
<testsuite hostname="meem" failures="0" tests="3" name="setup.RunnerFile" time="73.631" errors="0" timestamp="2022-12-06T21:07:41 EST" skipped="0">
  <testcase classname="setup.RunnerFile" name="runScenario" time="24.919"/>
  <testcase classname="setup.RunnerFile" name="runScenario" time="23.184"/>
  <testcase classname="setup.RunnerFile" name="runScenario" time="25.528"/>
</testsuite> <!-- setup.RunnerFile -->
